# JRE version: OpenJDK Runtime Environment (9.0) (slowdebug build 9-internal+0-2016-09-05-192728.simonis.jdk9-hs-comp)
# Java VM: OpenJDK 64-Bit Server VM (slowdebug 9-internal+0-2016-09-05-192728.simonis.jdk9-hs-comp, mixed mode, serial gc, linux-amd64)
Heap:
 def new generation   total 38784K, used 0K [0x00007fff67600000, 0x00007fff6a010000, 0x00007fff91000000)
  eden space 34496K,   0% used [0x00007fff67600000, 0x00007fff67600000, 0x00007fff697b0000)
  from space 4288K,   0% used [0x00007fff697b0000, 0x00007fff697b0000, 0x00007fff69be0000)
  to   space 4288K,   0% used [0x00007fff69be0000, 0x00007fff69be0000, 0x00007fff6a010000)
 tenured generation   total 86016K, used 1271K [0x00007fff91000000, 0x00007fff96400000, 0x00007fffe4400000)
   the space 86016K,   1% used [0x00007fff91000000, 0x00007fff9113dd08, 0x00007fff9113de00, 0x00007fff96400000)
 Metaspace       used 4468K, capacity 4508K, committed 4608K, reserved 8192K
GC Heap History (8 events):
Event: 6,190 GC heap before
{Heap before GC invocations=0 (full 0):
 def new generation   total 38720K, used 2755K [0x00007fff67600000, 0x00007fff6a000000, 0x00007fff91000000)
  eden space 34432K,   8% used [0x00007fff67600000, 0x00007fff678b0c30, 0x00007fff697a0000)
  from space 4288K,   0% used [0x00007fff697a0000, 0x00007fff697a0000, 0x00007fff69bd0000)
  to   space 4288K,   0% used [0x00007fff69bd0000, 0x00007fff69bd0000, 0x00007fff6a000000)
 tenured generation   total 86016K, used 0K [0x00007fff91000000, 0x00007fff96400000, 0x00007fffe4400000)
   the space 86016K,   0% used [0x00007fff91000000, 0x00007fff91000000, 0x00007fff91000200, 0x00007fff96400000)
 Metaspace       used 4467K, capacity 4508K, committed 4608K, reserved 8192K
}
Event: 6,265 GC heap after
{Heap after GC invocations=1 (full 1):
 def new generation   total 38784K, used 0K [0x00007fff67600000, 0x00007fff6a010000, 0x00007fff91000000)
  eden space 34496K,   0% used [0x00007fff67600000, 0x00007fff67600000, 0x00007fff697b0000)
  from space 4288K,   0% used [0x00007fff697b0000, 0x00007fff697b0000, 0x00007fff69be0000)
  to   space 4288K,   0% used [0x00007fff69be0000, 0x00007fff69be0000, 0x00007fff6a010000)
 tenured generation   total 86016K, used 1277K [0x00007fff91000000, 0x00007fff96400000, 0x00007fffe4400000)
   the space 86016K,   1% used [0x00007fff91000000, 0x00007fff9113f738, 0x00007fff9113f800, 0x00007fff96400000)
 Metaspace       used 4467K, capacity 4508K, committed 4608K, reserved 8192K
}
Event: 7,266 GC heap before
{Heap before GC invocations=1 (full 1):
 def new generation   total 38784K, used 0K [0x00007fff67600000, 0x00007fff6a010000, 0x00007fff91000000)
  eden space 34496K,   0% used [0x00007fff67600000, 0x00007fff67600000, 0x00007fff697b0000)
  from space 4288K,   0% used [0x00007fff697b0000, 0x00007fff697b0000, 0x00007fff69be0000)
  to   space 4288K,   0% used [0x00007fff69be0000, 0x00007fff69be0000, 0x00007fff6a010000)
 tenured generation   total 86016K, used 1277K [0x00007fff91000000, 0x00007fff96400000, 0x00007fffe4400000)
   the space 86016K,   1% used [0x00007fff91000000, 0x00007fff9113f738, 0x00007fff9113f800, 0x00007fff96400000)
 Metaspace       used 4468K, capacity 4508K, committed 4608K, reserved 8192K
}
Event: 7,358 GC heap after
{Heap after GC invocations=2 (full 2):
 def new generation   total 38784K, used 0K [0x00007fff67600000, 0x00007fff6a010000, 0x00007fff91000000)
  eden space 34496K,   0% used [0x00007fff67600000, 0x00007fff67600000, 0x00007fff697b0000)
  from space 4288K,   0% used [0x00007fff697b0000, 0x00007fff697b0000, 0x00007fff69be0000)
  to   space 4288K,   0% used [0x00007fff69be0000, 0x00007fff69be0000, 0x00007fff6a010000)
 tenured generation   total 86016K, used 1277K [0x00007fff91000000, 0x00007fff96400000, 0x00007fffe4400000)
   the space 86016K,   1% used [0x00007fff91000000, 0x00007fff9113f738, 0x00007fff9113f800, 0x00007fff96400000)
 Metaspace       used 4468K, capacity 4508K, committed 4608K, reserved 8192K
}
Event: 8,360 GC heap before
{Heap before GC invocations=2 (full 2):
 def new generation   total 38784K, used 0K [0x00007fff67600000, 0x00007fff6a010000, 0x00007fff91000000)
  eden space 34496K,   0% used [0x00007fff67600000, 0x00007fff67600000, 0x00007fff697b0000)
  from space 4288K,   0% used [0x00007fff697b0000, 0x00007fff697b0000, 0x00007fff69be0000)
  to   space 4288K,   0% used [0x00007fff69be0000, 0x00007fff69be0000, 0x00007fff6a010000)
 tenured generation   total 86016K, used 1277K [0x00007fff91000000, 0x00007fff96400000, 0x00007fffe4400000)
   the space 86016K,   1% used [0x00007fff91000000, 0x00007fff9113f738, 0x00007fff9113f800, 0x00007fff96400000)
 Metaspace       used 4468K, capacity 4508K, committed 4608K, reserved 8192K
}
Event: 8,451 GC heap after
{Heap after GC invocations=3 (full 3):
 def new generation   total 38784K, used 0K [0x00007fff67600000, 0x00007fff6a010000, 0x00007fff91000000)
  eden space 34496K,   0% used [0x00007fff67600000, 0x00007fff67600000, 0x00007fff697b0000)
  from space 4288K,   0% used [0x00007fff697b0000, 0x00007fff697b0000, 0x00007fff69be0000)
  to   space 4288K,   0% used [0x00007fff69be0000, 0x00007fff69be0000, 0x00007fff6a010000)
 tenured generation   total 86016K, used 1277K [0x00007fff91000000, 0x00007fff96400000, 0x00007fffe4400000)
   the space 86016K,   1% used [0x00007fff91000000, 0x00007fff9113f738, 0x00007fff9113f800, 0x00007fff96400000)
 Metaspace       used 4468K, capacity 4508K, committed 4608K, reserved 8192K
}
Event: 9,452 GC heap before
{Heap before GC invocations=3 (full 3):
 def new generation   total 38784K, used 0K [0x00007fff67600000, 0x00007fff6a010000, 0x00007fff91000000)
  eden space 34496K,   0% used [0x00007fff67600000, 0x00007fff67600000, 0x00007fff697b0000)
  from space 4288K,   0% used [0x00007fff697b0000, 0x00007fff697b0000, 0x00007fff69be0000)
  to   space 4288K,   0% used [0x00007fff69be0000, 0x00007fff69be0000, 0x00007fff6a010000)
 tenured generation   total 86016K, used 1277K [0x00007fff91000000, 0x00007fff96400000, 0x00007fffe4400000)
   the space 86016K,   1% used [0x00007fff91000000, 0x00007fff9113f738, 0x00007fff9113f800, 0x00007fff96400000)
 Metaspace       used 4468K, capacity 4508K, committed 4608K, reserved 8192K
}
Event: 9,544 GC heap after
{Heap after GC invocations=4 (full 4):
 def new generation   total 38784K, used 0K [0x00007fff67600000, 0x00007fff6a010000, 0x00007fff91000000)
  eden space 34496K,   0% used [0x00007fff67600000, 0x00007fff67600000, 0x00007fff697b0000)
  from space 4288K,   0% used [0x00007fff697b0000, 0x00007fff697b0000, 0x00007fff69be0000)
  to   space 4288K,   0% used [0x00007fff69be0000, 0x00007fff69be0000, 0x00007fff6a010000)
 tenured generation   total 86016K, used 1271K [0x00007fff91000000, 0x00007fff96400000, 0x00007fffe4400000)
   the space 86016K,   1% used [0x00007fff91000000, 0x00007fff9113dd08, 0x00007fff9113de00, 0x00007fff96400000)
 Metaspace       used 4468K, capacity 4508K, committed 4608K, reserved 8192K
}

